# JRE version: Java(TM) SE Runtime Environment 18.9 (11.0.16.1+1) (build 11.0.16.1+1-LTS-1)
# Java VM: Java HotSpot(TM) 64-Bit Server VM 18.9 (11.0.16.1+1-LTS-1, mixed mode, tiered, compressed oops, g1 gc, windows-amd64)
Heap:
 garbage-first heap   total 131072K, used 54320K [0x0000000081e00000, 0x0000000100000000)
  region size 1024K, 49 young (50176K), 3 survivors (3072K)
 Metaspace       used 32124K, capacity 32934K, committed 33024K, reserved 1079296K
  class space    used 3704K, capacity 4027K, committed 4096K, reserved 1048576K
GC Heap History (8 events):
Event: 2.104 GC heap before
{Heap before GC invocations=0 (full 0):
 garbage-first heap   total 131072K, used 13312K [0x0000000081e00000, 0x0000000100000000)
  region size 1024K, 14 young (14336K), 0 survivors (0K)
 Metaspace       used 11425K, capacity 11623K, committed 11776K, reserved 1060864K
  class space    used 1101K, capacity 1154K, committed 1280K, reserved 1048576K
}
Event: 2.121 GC heap after
{Heap after GC invocations=1 (full 0):
 garbage-first heap   total 131072K, used 5826K [0x0000000081e00000, 0x0000000100000000)
  region size 1024K, 2 young (2048K), 2 survivors (2048K)
 Metaspace       used 11425K, capacity 11623K, committed 11776K, reserved 1060864K
  class space    used 1101K, capacity 1154K, committed 1280K, reserved 1048576K
}
Event: 2.384 GC heap before
{Heap before GC invocations=1 (full 0):
 garbage-first heap   total 131072K, used 11970K [0x0000000081e00000, 0x0000000100000000)
  region size 1024K, 8 young (8192K), 2 survivors (2048K)
 Metaspace       used 13253K, capacity 13515K, committed 13696K, reserved 1060864K
  class space    used 1326K, capacity 1404K, committed 1408K, reserved 1048576K
}
Event: 2.389 GC heap after
{Heap after GC invocations=2 (full 0):
 garbage-first heap   total 131072K, used 6099K [0x0000000081e00000, 0x0000000100000000)
  region size 1024K, 1 young (1024K), 1 survivors (1024K)
 Metaspace       used 13253K, capacity 13515K, committed 13696K, reserved 1060864K
  class space    used 1326K, capacity 1404K, committed 1408K, reserved 1048576K
}
Event: 6.637 GC heap before
{Heap before GC invocations=2 (full 0):
 garbage-first heap   total 131072K, used 31699K [0x0000000081e00000, 0x0000000100000000)
  region size 1024K, 27 young (27648K), 1 survivors (1024K)
 Metaspace       used 19365K, capacity 19744K, committed 19968K, reserved 1067008K
  class space    used 2113K, capacity 2259K, committed 2304K, reserved 1048576K
}
Event: 6.644 GC heap after
{Heap after GC invocations=3 (full 0):
 garbage-first heap   total 131072K, used 7817K [0x0000000081e00000, 0x0000000100000000)
  region size 1024K, 3 young (3072K), 3 survivors (3072K)
 Metaspace       used 19365K, capacity 19744K, committed 19968K, reserved 1067008K
  class space    used 2113K, capacity 2259K, committed 2304K, reserved 1048576K
}
Event: 6.924 GC heap before
{Heap before GC invocations=3 (full 0):
 garbage-first heap   total 131072K, used 14985K [0x0000000081e00000, 0x0000000100000000)
  region size 1024K, 11 young (11264K), 3 survivors (3072K)
 Metaspace       used 20653K, capacity 21136K, committed 21248K, reserved 1069056K
  class space    used 2273K, capacity 2495K, committed 2560K, reserved 1048576K
}
Event: 6.931 GC heap after
{Heap after GC invocations=4 (full 0):
 garbage-first heap   total 131072K, used 8240K [0x0000000081e00000, 0x0000000100000000)
  region size 1024K, 3 young (3072K), 3 survivors (3072K)
 Metaspace       used 20653K, capacity 21136K, committed 21248K, reserved 1069056K
  class space    used 2273K, capacity 2495K, committed 2560K, reserved 1048576K
}

