<?xml version="1.0" encoding="UTF-8"?>
<!-- Generated by org.testng.reporters.JUnitXMLReporter -->
<testsuite ignored="0" hostname="DESKTOP-ISCCBLH" failures="0" tests="5" name="Motorola Edge 30" time="111.72" errors="0" timestamp="2022-12-22T18:47:51 IST">
  <testcase classname="com.QA.Test.LoginTest" name="LoginToNextGen" time="29.16"/>
  <testcase classname="com.QA.Test.LoginTest" name="VerifyBackButton" time="13.221"/>
  <testcase classname="com.QA.Test.LoginTest" name="VerifyForgotPassword" time="12.853"/>
  <testcase classname="com.QA.Test.LoginTest" name="VerifyLoginUIScreen" time="9.142"/>
  <testcase classname="com.QA.Test.LoginTest" name="VerifyTheRegisterHyperlink" time="14.126"/>
</testsuite> <!-- Motorola Edge 30 -->
