<?xml version="1.0" encoding="UTF-8"?>
<!-- Generated by org.testng.reporters.JUnitXMLReporter -->
<testsuite ignored="0" hostname="DESKTOP-2CLFJ58" failures="2" tests="2" name="Frnd POC Tests" time="35.445" errors="0" timestamp="2023-10-30T14:42:14 IST">
  <testcase classname="com.QA.Test.FRNDpocTest" name="verifyUserAbleToSendGiftAndCheckAvailableCoinsLessThanActualCoins" time="20.448">
    <failure type="org.openqa.selenium.WebDriverException" message="org.openqa.selenium.WebDriverException: An unknown server-side error occurred while processing the command. Original error: &amp;apos;POST /element&amp;apos; cannot be proxied to UiAutomator2 server because the instrumentation process is not running (probably crashed). Check the server log and/or the logcat output for more details
Build info: version: &amp;apos;3.141.59&amp;apos;, revision: &amp;apos;e82be7d358&amp;apos;, time: &amp;apos;2018-11-14T08:17:03&amp;apos;
System info: host: &amp;apos;DESKTOP-2CLFJ58&amp;apos;, ip: &amp;apos;192.168.1.15&amp;apos;, os.name: &amp;apos;Windows 10&amp;apos;, os.arch: &amp;apos;amd64&amp;apos;, os.version: &amp;apos;10.0&amp;apos;, java.version: &amp;apos;11.0.21&amp;apos;
Driver info: io.appium.java_client.android.AndroidDriver
Capabilities {app: C:\Users\User\Downloads\frn..., appActivity: com.dating.chat.main.MainAc..., appPackage: com.dating.for.all, autoGrantPermissions: true, automationName: UiAutomator2, chromeDriverPort: 11000, databaseEnabled: false, desired: {app: C:\Users\User\Downloads\frn..., appActivity: com.dating.chat.main.MainAc..., appPackage: com.dating.for.all, autoGrantPermissions: true, automationName: UiAutomator2, chromeDriverPort: 11000, deviceName: Redmi2, noReset: false, platformName: android, systemPort: 10000, udid: 9dqwdircpzn7wcfa}, deviceApiLevel: 29, deviceManufacturer: Xiaomi, deviceModel: Redmi Note 8 Pro, deviceName: 9dqwdircpzn7wcfa, deviceScreenDensity: 440, deviceScreenSize: 1080x2340, deviceUDID: 9dqwdircpzn7wcfa, javascriptEnabled: true, locationContextEnabled: false, networkConnectionEnabled: true, noReset: false, pixelRatio: 2.75, platform: LINUX, platformName: Android, platformVersion: 10, statBarHeight: 76, systemPort: 10000, takesScreenshot: true, udid: 9dqwdircpzn7wcfa, viewportRect: {height: 2058, left: 0, top: 76, width: 1080}, warnings: {}, webStorageEnabled: false}
Session ID: 7de48eb9-07e7-4871-9dc3-44cecaa12aab
*** Element info: {Using=id, value=com.dating.for.all:id/join}">
      <![CDATA[org.openqa.selenium.WebDriverException: org.openqa.selenium.WebDriverException: An unknown server-side error occurred while processing the command. Original error: 'POST /element' cannot be proxied to UiAutomator2 server because the instrumentation process is not running (probably crashed). Check the server log and/or the logcat output for more details
Build info: version: '3.141.59', revision: 'e82be7d358', time: '2018-11-14T08:17:03'
System info: host: 'DESKTOP-2CLFJ58', ip: '192.168.1.15', os.name: 'Windows 10', os.arch: 'amd64', os.version: '10.0', java.version: '11.0.21'
Driver info: io.appium.java_client.android.AndroidDriver
Capabilities {app: C:\Users\User\Downloads\frn..., appActivity: com.dating.chat.main.MainAc..., appPackage: com.dating.for.all, autoGrantPermissions: true, automationName: UiAutomator2, chromeDriverPort: 11000, databaseEnabled: false, desired: {app: C:\Users\User\Downloads\frn..., appActivity: com.dating.chat.main.MainAc..., appPackage: com.dating.for.all, autoGrantPermissions: true, automationName: UiAutomator2, chromeDriverPort: 11000, deviceName: Redmi2, noReset: false, platformName: android, systemPort: 10000, udid: 9dqwdircpzn7wcfa}, deviceApiLevel: 29, deviceManufacturer: Xiaomi, deviceModel: Redmi Note 8 Pro, deviceName: 9dqwdircpzn7wcfa, deviceScreenDensity: 440, deviceScreenSize: 1080x2340, deviceUDID: 9dqwdircpzn7wcfa, javascriptEnabled: true, locationContextEnabled: false, networkConnectionEnabled: true, noReset: false, pixelRatio: 2.75, platform: LINUX, platformName: Android, platformVersion: 10, statBarHeight: 76, systemPort: 10000, takesScreenshot: true, udid: 9dqwdircpzn7wcfa, viewportRect: {height: 2058, left: 0, top: 76, width: 1080}, warnings: {}, webStorageEnabled: false}
Session ID: 7de48eb9-07e7-4871-9dc3-44cecaa12aab
*** Element info: {Using=id, value=com.dating.for.all:id/join}
at io.appium.java_client.pagefactory.AppiumElementLocator$WaitingFunction.apply(AppiumElementLocator.java:192)
at io.appium.java_client.pagefactory.AppiumElementLocator$WaitingFunction.apply(AppiumElementLocator.java:1)
at org.openqa.selenium.support.ui.FluentWait.until(FluentWait.java:249)
at io.appium.java_client.pagefactory.AppiumElementLocator.waitFor(AppiumElementLocator.java:99)
at io.appium.java_client.pagefactory.AppiumElementLocator.findElement(AppiumElementLocator.java:119)
at io.appium.java_client.pagefactory.interceptors.InterceptorOfASingleElement.intercept(InterceptorOfASingleElement.java:59)
at io.appium.java_client.android.AndroidElement$$EnhancerByCGLIB$$b598166c.isDisplayed(<generated>)
at org.openqa.selenium.support.ui.ExpectedConditions.elementIfVisible(ExpectedConditions.java:314)
at org.openqa.selenium.support.ui.ExpectedConditions.access$000(ExpectedConditions.java:43)
at org.openqa.selenium.support.ui.ExpectedConditions$10.apply(ExpectedConditions.java:300)
at org.openqa.selenium.support.ui.ExpectedConditions$10.apply(ExpectedConditions.java:297)
at org.openqa.selenium.support.ui.FluentWait.until(FluentWait.java:249)
at com.QA.Base.BaseTest.waitForVisibility(BaseTest.java:316)
at com.QA.Pages.LandingPage.clickOnLetsGoButton(LandingPage.java:54)
at com.QA.Test.FRNDpocTest.verifyUserAbleToSendGiftAndCheckAvailableCoinsLessThanActualCoins(FRNDpocTest.java:138)
at java.base/java.util.ArrayList.forEach(ArrayList.java:1541)
Caused by: org.openqa.selenium.WebDriverException: An unknown server-side error occurred while processing the command. Original error: 'POST /element' cannot be proxied to UiAutomator2 server because the instrumentation process is not running (probably crashed). Check the server log and/or the logcat output for more details
Build info: version: '3.141.59', revision: 'e82be7d358', time: '2018-11-14T08:17:03'
System info: host: 'DESKTOP-2CLFJ58', ip: '192.168.1.15', os.name: 'Windows 10', os.arch: 'amd64', os.version: '10.0', java.version: '11.0.21'
Driver info: io.appium.java_client.android.AndroidDriver
Capabilities {app: C:\Users\User\Downloads\frn..., appActivity: com.dating.chat.main.MainAc..., appPackage: com.dating.for.all, autoGrantPermissions: true, automationName: UiAutomator2, chromeDriverPort: 11000, databaseEnabled: false, desired: {app: C:\Users\User\Downloads\frn..., appActivity: com.dating.chat.main.MainAc..., appPackage: com.dating.for.all, autoGrantPermissions: true, automationName: UiAutomator2, chromeDriverPort: 11000, deviceName: Redmi2, noReset: false, platformName: android, systemPort: 10000, udid: 9dqwdircpzn7wcfa}, deviceApiLevel: 29, deviceManufacturer: Xiaomi, deviceModel: Redmi Note 8 Pro, deviceName: 9dqwdircpzn7wcfa, deviceScreenDensity: 440, deviceScreenSize: 1080x2340, deviceUDID: 9dqwdircpzn7wcfa, javascriptEnabled: true, locationContextEnabled: false, networkConnectionEnabled: true, noReset: false, pixelRatio: 2.75, platform: LINUX, platformName: Android, platformVersion: 10, statBarHeight: 76, systemPort: 10000, takesScreenshot: true, udid: 9dqwdircpzn7wcfa, viewportRect: {height: 2058, left: 0, top: 76, width: 1080}, warnings: {}, webStorageEnabled: false}
Session ID: 7de48eb9-07e7-4871-9dc3-44cecaa12aab
*** Element info: {Using=id, value=com.dating.for.all:id/join}
at org.openqa.selenium.remote.http.W3CHttpResponseCodec.createException(W3CHttpResponseCodec.java:187)
at org.openqa.selenium.remote.http.W3CHttpResponseCodec.decode(W3CHttpResponseCodec.java:122)
at org.openqa.selenium.remote.http.W3CHttpResponseCodec.decode(W3CHttpResponseCodec.java:49)
at org.openqa.selenium.remote.HttpCommandExecutor.execute(HttpCommandExecutor.java:158)
at io.appium.java_client.remote.AppiumCommandExecutor.execute(AppiumCommandExecutor.java:250)
at org.openqa.selenium.remote.RemoteWebDriver.execute(RemoteWebDriver.java:552)
at io.appium.java_client.DefaultGenericMobileDriver.execute(DefaultGenericMobileDriver.java:41)
at io.appium.java_client.AppiumDriver.execute(AppiumDriver.java:1)
at io.appium.java_client.android.AndroidDriver.execute(AndroidDriver.java:1)
at org.openqa.selenium.remote.RemoteWebDriver.findElement(RemoteWebDriver.java:323)
at io.appium.java_client.DefaultGenericMobileDriver.findElement(DefaultGenericMobileDriver.java:61)
at io.appium.java_client.AppiumDriver.findElement(AppiumDriver.java:1)
at io.appium.java_client.android.AndroidDriver.findElement(AndroidDriver.java:1)
at org.openqa.selenium.remote.RemoteWebDriver.findElementById(RemoteWebDriver.java:372)
at io.appium.java_client.DefaultGenericMobileDriver.findElementById(DefaultGenericMobileDriver.java:69)
at io.appium.java_client.AppiumDriver.findElementById(AppiumDriver.java:1)
at io.appium.java_client.android.AndroidDriver.findElementById(AndroidDriver.java:1)
at org.openqa.selenium.By$ById.findElement(By.java:188)
at org.openqa.selenium.remote.RemoteWebDriver.findElement(RemoteWebDriver.java:315)
at io.appium.java_client.DefaultGenericMobileDriver.findElement(DefaultGenericMobileDriver.java:57)
at io.appium.java_client.AppiumDriver.findElement(AppiumDriver.java:1)
at io.appium.java_client.android.AndroidDriver.findElement(AndroidDriver.java:1)
at io.appium.java_client.pagefactory.bys.builder.ByChained.lambda$0(ByChained.java:38)
at org.openqa.selenium.support.ui.FluentWait.until(FluentWait.java:249)
at io.appium.java_client.pagefactory.bys.builder.ByChained.findElement(ByChained.java:72)
at org.openqa.selenium.remote.RemoteWebDriver.findElement(RemoteWebDriver.java:315)
at io.appium.java_client.DefaultGenericMobileDriver.findElement(DefaultGenericMobileDriver.java:57)
at io.appium.java_client.AppiumDriver.findElement(AppiumDriver.java:1)
at io.appium.java_client.android.AndroidDriver.findElement(AndroidDriver.java:1)
at io.appium.java_client.pagefactory.bys.ContentMappedBy.findElement(ContentMappedBy.java:50)
at org.openqa.selenium.remote.RemoteWebDriver.findElement(RemoteWebDriver.java:315)
at io.appium.java_client.DefaultGenericMobileDriver.findElement(DefaultGenericMobileDriver.java:57)
at io.appium.java_client.AppiumDriver.findElement(AppiumDriver.java:1)
at io.appium.java_client.android.AndroidDriver.findElement(AndroidDriver.java:1)
at io.appium.java_client.pagefactory.AppiumElementLocator.lambda$0(AppiumElementLocator.java:120)
at io.appium.java_client.pagefactory.AppiumElementLocator$WaitingFunction.apply(AppiumElementLocator.java:172)
... 45 more
... Removed 34 stack frames]]>
    </failure>
  </testcase> <!-- verifyUserAbleToSendGiftAndCheckAvailableCoinsLessThanActualCoins -->
  <testcase classname="com.QA.Test.FRNDpocTest" name="verifyUserAbleToSendGiftAndCheckAvailableCoinsLessThanActualCoins" time="20.721">
    <failure type="org.openqa.selenium.WebDriverException" message="An unknown server-side error occurred while processing the command. Original error: &amp;apos;GET /screenshot&amp;apos; cannot be proxied to UiAutomator2 server because the instrumentation process is not running (probably crashed). Check the server log and/or the logcat output for more details
Build info: version: &amp;apos;3.141.59&amp;apos;, revision: &amp;apos;e82be7d358&amp;apos;, time: &amp;apos;2018-11-14T08:17:03&amp;apos;
System info: host: &amp;apos;DESKTOP-2CLFJ58&amp;apos;, ip: &amp;apos;192.168.1.15&amp;apos;, os.name: &amp;apos;Windows 10&amp;apos;, os.arch: &amp;apos;amd64&amp;apos;, os.version: &amp;apos;10.0&amp;apos;, java.version: &amp;apos;11.0.21&amp;apos;
Driver info: io.appium.java_client.android.AndroidDriver
Capabilities {app: C:\Users\User\Downloads\frn..., appActivity: com.dating.chat.main.MainAc..., appPackage: com.dating.for.all, autoGrantPermissions: true, automationName: UiAutomator2, chromeDriverPort: 11000, databaseEnabled: false, desired: {app: C:\Users\User\Downloads\frn..., appActivity: com.dating.chat.main.MainAc..., appPackage: com.dating.for.all, autoGrantPermissions: true, automationName: UiAutomator2, chromeDriverPort: 11000, deviceName: Redmi2, noReset: false, platformName: android, systemPort: 10000, udid: 9dqwdircpzn7wcfa}, deviceApiLevel: 29, deviceManufacturer: Xiaomi, deviceModel: Redmi Note 8 Pro, deviceName: 9dqwdircpzn7wcfa, deviceScreenDensity: 440, deviceScreenSize: 1080x2340, deviceUDID: 9dqwdircpzn7wcfa, javascriptEnabled: true, locationContextEnabled: false, networkConnectionEnabled: true, noReset: false, pixelRatio: 2.75, platform: LINUX, platformName: Android, platformVersion: 10, statBarHeight: 76, systemPort: 10000, takesScreenshot: true, udid: 9dqwdircpzn7wcfa, viewportRect: {height: 2058, left: 0, top: 76, width: 1080}, warnings: {}, webStorageEnabled: false}
Session ID: 7de48eb9-07e7-4871-9dc3-44cecaa12aab">
      <![CDATA[org.openqa.selenium.WebDriverException: An unknown server-side error occurred while processing the command. Original error: 'GET /screenshot' cannot be proxied to UiAutomator2 server because the instrumentation process is not running (probably crashed). Check the server log and/or the logcat output for more details
Build info: version: '3.141.59', revision: 'e82be7d358', time: '2018-11-14T08:17:03'
System info: host: 'DESKTOP-2CLFJ58', ip: '192.168.1.15', os.name: 'Windows 10', os.arch: 'amd64', os.version: '10.0', java.version: '11.0.21'
Driver info: io.appium.java_client.android.AndroidDriver
Capabilities {app: C:\Users\User\Downloads\frn..., appActivity: com.dating.chat.main.MainAc..., appPackage: com.dating.for.all, autoGrantPermissions: true, automationName: UiAutomator2, chromeDriverPort: 11000, databaseEnabled: false, desired: {app: C:\Users\User\Downloads\frn..., appActivity: com.dating.chat.main.MainAc..., appPackage: com.dating.for.all, autoGrantPermissions: true, automationName: UiAutomator2, chromeDriverPort: 11000, deviceName: Redmi2, noReset: false, platformName: android, systemPort: 10000, udid: 9dqwdircpzn7wcfa}, deviceApiLevel: 29, deviceManufacturer: Xiaomi, deviceModel: Redmi Note 8 Pro, deviceName: 9dqwdircpzn7wcfa, deviceScreenDensity: 440, deviceScreenSize: 1080x2340, deviceUDID: 9dqwdircpzn7wcfa, javascriptEnabled: true, locationContextEnabled: false, networkConnectionEnabled: true, noReset: false, pixelRatio: 2.75, platform: LINUX, platformName: Android, platformVersion: 10, statBarHeight: 76, systemPort: 10000, takesScreenshot: true, udid: 9dqwdircpzn7wcfa, viewportRect: {height: 2058, left: 0, top: 76, width: 1080}, warnings: {}, webStorageEnabled: false}
Session ID: 7de48eb9-07e7-4871-9dc3-44cecaa12aab
at org.openqa.selenium.remote.http.W3CHttpResponseCodec.createException(W3CHttpResponseCodec.java:187)
at org.openqa.selenium.remote.http.W3CHttpResponseCodec.decode(W3CHttpResponseCodec.java:122)
at org.openqa.selenium.remote.http.W3CHttpResponseCodec.decode(W3CHttpResponseCodec.java:49)
at org.openqa.selenium.remote.HttpCommandExecutor.execute(HttpCommandExecutor.java:158)
at io.appium.java_client.remote.AppiumCommandExecutor.execute(AppiumCommandExecutor.java:250)
at org.openqa.selenium.remote.RemoteWebDriver.execute(RemoteWebDriver.java:552)
at io.appium.java_client.DefaultGenericMobileDriver.execute(DefaultGenericMobileDriver.java:45)
at io.appium.java_client.AppiumDriver.execute(AppiumDriver.java:1)
at io.appium.java_client.android.AndroidDriver.execute(AndroidDriver.java:1)
at org.openqa.selenium.remote.RemoteWebDriver.getScreenshotAs(RemoteWebDriver.java:295)
at com.QA.listeners.TestListener.onTestFailure(TestListener.java:37)
at java.base/java.util.ArrayList.forEach(ArrayList.java:1541)
... Removed 31 stack frames]]>
    </failure>
  </testcase> <!-- verifyUserAbleToSendGiftAndCheckAvailableCoinsLessThanActualCoins -->
</testsuite> <!-- Frnd POC Tests -->
