<?xml version="1.0" encoding="UTF-8"?>
<!-- Generated by org.testng.reporters.JUnitXMLReporter -->
<testsuite ignored="7" hostname="DESKTOP-2CLFJ58" failures="0" tests="1" name="moto g62 5G" time="48.705" errors="0" timestamp="2023-12-14T12:54:01 IST">
  <testcase classname="com.QA.Test.AudioCallTest" name="@BeforeMethod beforeMethod" time="2.63">
    <failure type="java.lang.RuntimeException" message="java.lang.NoSuchMethodException: jdk.proxy2.$Proxy29.proxyClassLookup()">
      <![CDATA[java.lang.RuntimeException: java.lang.NoSuchMethodException: jdk.proxy2.$Proxy29.proxyClassLookup()
at io.appium.java_client.pagefactory.bys.builder.AppiumByBuilder.prepareAnnotationMethods(AppiumByBuilder.java:85)
at io.appium.java_client.pagefactory.bys.builder.AppiumByBuilder.getFilledValue(AppiumByBuilder.java:92)
at io.appium.java_client.pagefactory.bys.builder.AppiumByBuilder.createBy(AppiumByBuilder.java:148)
at io.appium.java_client.pagefactory.DefaultElementByBuilder.getBys(DefaultElementByBuilder.java:133)
at io.appium.java_client.pagefactory.DefaultElementByBuilder.buildMobileNativeBy(DefaultElementByBuilder.java:170)
at io.appium.java_client.pagefactory.DefaultElementByBuilder.buildBy(DefaultElementByBuilder.java:204)
at io.appium.java_client.pagefactory.AppiumElementLocatorFactory.createLocator(AppiumElementLocatorFactory.java:66)
at io.appium.java_client.pagefactory.AppiumElementLocatorFactory.createLocator(AppiumElementLocatorFactory.java:53)
at io.appium.java_client.pagefactory.AppiumElementLocatorFactory.createLocator(AppiumElementLocatorFactory.java:1)
at org.openqa.selenium.support.pagefactory.DefaultFieldDecorator.decorate(DefaultFieldDecorator.java:56)
at io.appium.java_client.pagefactory.AppiumFieldDecorator.decorate(AppiumFieldDecorator.java:154)
at org.openqa.selenium.support.PageFactory.proxyFields(PageFactory.java:113)
at org.openqa.selenium.support.PageFactory.initElements(PageFactory.java:105)
at com.QA.Base.BaseTest.<init>(BaseTest.java:94)
at com.QA.Pages.LandingPage.<init>(LandingPage.java:18)
at com.QA.Test.AudioCallTest.beforeMethod(AudioCallTest.java:53)
at java.base/java.util.ArrayList.forEach(ArrayList.java:1596)
at java.base/java.util.concurrent.FutureTask.run(FutureTask.java:317)
at java.base/java.util.concurrent.ThreadPoolExecutor.runWorker(ThreadPoolExecutor.java:1144)
at java.base/java.util.concurrent.ThreadPoolExecutor$Worker.run(ThreadPoolExecutor.java:642)
at java.base/java.lang.Thread.run(Thread.java:1583)
Caused by: java.lang.NoSuchMethodException: jdk.proxy2.$Proxy29.proxyClassLookup()
at java.base/java.lang.Class.getMethod(Class.java:2395)
at io.appium.java_client.pagefactory.bys.builder.AppiumByBuilder.prepareAnnotationMethods(AppiumByBuilder.java:83)
... 40 more
... Removed 20 stack frames]]>
    </failure>
  </testcase> <!-- @BeforeMethod beforeMethod -->
  <testcase classname="com.QA.Test.AudioCallTest" name="@AfterMethod afterMethod" time="-1.702538638888E9">
    <skipped/>
  </testcase> <!-- @AfterMethod afterMethod -->
  <testcase classname="com.QA.Test.AudioCallTest" name="@AfterClass afterClass" time="-1.702538638903E9">
    <skipped/>
  </testcase> <!-- @AfterClass afterClass -->
  <testcase classname="com.QA.Base.BaseTest" name="@AfterTest End" time="-1.702538638912E9">
    <skipped/>
  </testcase> <!-- @AfterTest End -->
  <testcase classname="com.QA.Test.AudioCallTest" name="VerifyCoinBalanceAfterUserSendsGiftAccordingToTimer" time="0.0">
    <skipped/>
  </testcase> <!-- VerifyCoinBalanceAfterUserSendsGiftAccordingToTimer -->
  <testcase classname="com.QA.Test.AudioCallTest" name="verifyUserNotAbleToJoinRoomWhenHostBanUser" time="0.0">
    <ignored/>
  </testcase> <!-- verifyUserNotAbleToJoinRoomWhenHostBanUser -->
  <testcase classname="com.QA.Test.AudioCallTest" name="checkThatMuteUnmuteFunctionalityIsWorkingAsExpected" time="0.0">
    <ignored/>
  </testcase> <!-- checkThatMuteUnmuteFunctionalityIsWorkingAsExpected -->
  <testcase classname="com.QA.Test.AudioCallTest" name="verifyThatUserAbleToRemoveTheVoiceCallWhenHostRemoveParticularUsers" time="0.0">
    <ignored/>
  </testcase> <!-- verifyThatUserAbleToRemoveTheVoiceCallWhenHostRemoveParticularUsers -->
  <testcase classname="com.QA.Test.AudioCallTest" name="verifyThatUsersAreAbleToJoinInVoiceCallAccordingCoinBalance" time="0.0">
    <ignored/>
  </testcase> <!-- verifyThatUsersAreAbleToJoinInVoiceCallAccordingCoinBalance -->
  <testcase classname="com.QA.Test.AudioCallTest" name="withDrawAmount" time="0.0">
    <ignored/>
  </testcase> <!-- withDrawAmount -->
  <testcase classname="com.QA.Test.AudioCallTest" name="verifyUserAbleToHostVoiceCallAndExitFromRoom" time="0.0">
    <ignored/>
  </testcase> <!-- verifyUserAbleToHostVoiceCallAndExitFromRoom -->
  <testcase classname="com.QA.Test.AudioCallTest" name="verifyThatUserAbleToLeaveThatGameDuringONGame" time="0.0">
    <ignored/>
  </testcase> <!-- verifyThatUserAbleToLeaveThatGameDuringONGame -->
</testsuite> <!-- moto g62 5G -->
